7664: 15:35:08.533 - ---
7664: 15:35:08.533 - Service: "Photon Socket Server" starting
7664: 15:35:08.534 - Config File: E:\photon\Photon-OnPremise-Server-SDK_v4-0-29-11263\deploy\bin_Win64\PhotonServer.config
7664: 15:35:08.535 - Will produce at most: 10 crash dumps
7664: 15:35:08.535 - Service shutting down
7664: 15:35:08.537 - Service shut down complete
16408: 15:36:38.420 - ---
16408: 15:36:38.420 - Service: "Photon Socket Server" starting
16408: 15:36:38.420 - Config File: E:\photon\Photon-OnPremise-Server-SDK_v4-0-29-11263\deploy\bin_Win64\PhotonServer.config
16408: 15:36:38.421 - Will produce at most: 10 crash dumps
16408: 15:36:38.421 - Service shutting down
16408: 15:36:38.423 - Service shut down complete
13056: 16:52:30.506 - ---
13056: 16:52:30.506 - Service: "Photon Socket Server" starting
13056: 16:52:30.507 - Config File: E:\photon\Photon-OnPremise-Server-SDK_v4-0-29-11263\deploy\bin_Win64\PhotonServer.config
13056: 16:52:30.508 - Will produce at most: 10 crash dumps
13056: 16:52:30.508 - Service shutting down
13056: 16:52:30.509 - Service shut down complete
12328: 16:54:14.395 - ---
12328: 16:54:14.395 - Service: "Photon Socket Server" starting
12328: 16:54:14.395 - Config File: E:\photon\Photon-OnPremise-Server-SDK_v4-0-29-11263\deploy\bin_Win64\PhotonServer.config
12328: 16:54:14.396 - Will produce at most: 10 crash dumps
12328: 16:54:14.396 - Service shutting down
12328: 16:54:14.398 - Service shut down complete
16560: 16:58:15.404 - ---
16560: 16:58:15.404 - Service: "Photon Socket Server" starting
16560: 16:58:15.405 - Config File: E:\photon\Photon-OnPremise-Server-SDK_v4-0-29-11263\deploy\bin_Win64\PhotonServer.config
16560: 16:58:15.406 - Will produce at most: 10 crash dumps
16560: 16:58:15.406 - Service shutting down
16560: 16:58:15.407 - Service shut down complete
1984: 17:31:36.764 - ---
1984: 17:31:36.764 - Service: "Photon Socket Server" starting
1984: 17:31:36.764 - Config File: E:\photon\Photon-OnPremise-Server-SDK_v4-0-29-11263\deploy\bin_Win64\PhotonServer.config
1984: 17:31:36.765 - Will produce at most: 10 crash dumps
1984: 17:31:36.765 - Service shutting down
1984: 17:31:36.767 - Service shut down complete
16216: 17:39:04.469 - ---
16216: 17:39:04.469 - Service: "Photon Socket Server" starting
16216: 17:39:04.469 - Config File: E:\photon\Photon-OnPremise-Server-SDK_v4-0-29-11263\deploy\bin_Win64\PhotonServer.config
16216: 17:39:04.470 - Will produce at most: 10 crash dumps
16216: 17:39:04.471 - Service shutting down
16216: 17:39:04.472 - Service shut down complete
9124: 18:26:41.804 - ---
9124: 18:26:41.804 - Service: "Photon Socket Server" starting
9124: 18:26:41.804 - Config File: E:\photon\Photon-OnPremise-Server-SDK_v4-0-29-11263\deploy\bin_Win64\PhotonServer.config
9124: 18:26:41.805 - Will produce at most: 10 crash dumps
9124: 18:26:41.805 - Service shutting down
9124: 18:26:41.807 - Service shut down complete
10340: 20:06:20.936 - ---
10340: 20:06:20.936 - Service: "Photon Socket Server" starting
10340: 20:06:20.937 - Config File: E:\photon\Photon-OnPremise-Server-SDK_v4-0-29-11263\deploy\bin_Win64\PhotonServer.config
10340: 20:06:20.938 - Will produce at most: 10 crash dumps
10340: 20:06:20.938 - Service shutting down
10340: 20:06:20.939 - Service shut down complete
7736: 20:17:03.985 - ---
7736: 20:17:03.985 - Service: "Photon Socket Server" starting
7736: 20:17:03.985 - Config File: E:\photon\Photon-OnPremise-Server-SDK_v4-0-29-11263\deploy\bin_Win64\PhotonServer.config
7736: 20:17:03.986 - Will produce at most: 10 crash dumps
7736: 20:17:03.986 - Service shutting down
7736: 20:17:03.987 - Service shut down complete
16860: 20:17:54.052 - ---
16860: 20:17:54.052 - Service: "Photon Socket Server" starting
16860: 20:17:54.053 - Config File: E:\photon\Photon-OnPremise-Server-SDK_v4-0-29-11263\deploy\bin_Win64\PhotonServer.config
16860: 20:17:54.054 - Will produce at most: 10 crash dumps
16860: 20:17:54.054 - Service shutting down
16860: 20:17:54.055 - Service shut down complete
10420: 20:46:46.868 - ---
10420: 20:46:46.868 - Service: "Photon Socket Server" starting
10420: 20:46:46.868 - Config File: E:\photon\Photon-OnPremise-Server-SDK_v4-0-29-11263\deploy\bin_Win64\PhotonServer.config
10420: 20:46:46.869 - Will produce at most: 10 crash dumps
10420: 20:46:46.869 - Service shutting down
10420: 20:46:46.870 - Service shut down complete
18072: 21:02:28.863 - ---
18072: 21:02:28.863 - Service: "Photon Socket Server" starting
18072: 21:02:28.864 - Config File: E:\photon\Photon-OnPremise-Server-SDK_v4-0-29-11263\deploy\bin_Win64\PhotonServer.config
18072: 21:02:28.865 - Will produce at most: 10 crash dumps
18072: 21:02:28.865 - Service shutting down
18072: 21:02:28.867 - Service shut down complete
8560: 21:12:16.568 - ---
8560: 21:12:16.568 - Service: "Photon Socket Server" starting
8560: 21:12:16.569 - Config File: E:\photon\Photon-OnPremise-Server-SDK_v4-0-29-11263\deploy\bin_Win64\PhotonServer.config
8560: 21:12:16.570 - Will produce at most: 10 crash dumps
8560: 21:12:16.570 - Service shutting down
8560: 21:12:16.571 - Service shut down complete
