6788: 14:40:48.677 - ---
6788: 14:40:48.677 - Service: "Photon Socket Server" starting
6788: 14:40:48.677 - Config File: E:\Unity-pj\PhotonServerDemo\Server\Photon-OnPremise-Server-SDK_v4-0-29-11263\deploy\bin_Win64\PhotonServer.config
6788: 14:40:48.679 - Will produce at most: 10 crash dumps
6788: 14:40:48.679 - Action: run as exe
6788: 14:40:48.680 - Server Starting...
6788: 14:40:48.681 -    Tick count: 406545718 (wraps in: 45.0049 days)
6788: 14:40:48.681 - Tick count 64: 406545718
6788: 14:40:48.681 - Photon Version: 4.0.28.2962
6788: 14:40:48.681 - PID: 16456
6788: 14:40:48.681 - Config File: E:\Unity-pj\PhotonServerDemo\Server\Photon-OnPremise-Server-SDK_v4-0-29-11263\deploy\bin_Win64\PhotonServer.config
6788: 14:40:48.682 - Will NOT log unimportant exceptions
6788: 14:40:48.694 - Not using performance counters as they are not currently installed. Run the service with /InstallCounters to install them.
6788: 14:40:48.695 - Shutdown timeout enabled: 30000ms
6788: 14:40:48.695 - Starting I/O thread pool with 2 threads
6788: 14:40:48.696 - Using Standard allocator
6788: 14:40:48.696 - Max message size: 512000
6788: 14:40:48.696 - Starting business logic thread pool with the following settings
6788: 14:40:48.696 - InitialThreads: 4 threads
6788: 14:40:48.696 - MinThreads: 4 threads
6788: 14:40:48.696 - Thread pool is fixed size
6788: 14:40:48.696 - Starting ENet thread pool with the following settings
6788: 14:40:48.696 - InitialThreads: 2 threads
6788: 14:40:48.696 - MinThreads: 2 threads
6788: 14:40:48.696 - Thread pool is fixed size
6788: 14:40:48.696 - OnlyDispatchTimers: False
6788: 14:40:48.697 - S2S: flow control: Max pending writes: 50
6788: 14:40:48.697 - S2S: flow control: Max queued buffers: 200
6788: 14:40:48.697 - S2S: flow control: Max pending writes MUX: 500
6788: 14:40:48.697 - S2S: flow control: Max queued buffers MUX: 2000
6788: 14:40:48.697 - S2S: MaxInboundMessageSize: 512000
6788: 14:40:48.697 - S2S: MaxOutboundMessageSize: 512000
6788: 14:40:48.697 - S2S: No inactivity timeout
6788: 14:40:48.702 - WebSocket S2S: MaxInboundMessageSize: 512000
6788: 14:40:48.702 - WebSocket S2S: MaxOutboundMessageSize: 512000
6788: 14:40:48.702 - WebSocket S2S: No inactivity timeout
6788: 14:40:48.702 - Max Reliable Data In Transit (awaiting ACKs) per peer : 51200 bytes
6788: 14:40:48.702 - Per peer bandwidth limit
6788: 14:40:48.702 - Transmit Rate Limit: 256 KB/Sec
6788: 14:40:48.702 - Limit period: 200ms
6788: 14:40:48.702 - Limit per period: 52428 bytes
6788: 14:40:48.702 - Max queued data for transmission per peer: 512000 bytes
6788: 14:40:48.702 - Minimum retransmit timeout: 200
6788: 14:40:48.702 - No Maximum retransmit timeout
6788: 14:40:48.702 - Minimum ENet timeout: 5000ms
6788: 14:40:48.702 - Maximum ENet timeout: 30000ms
6788: 14:40:48.702 - Max Inbound Reliable Data Queued (awaiting resends of earlier sequence numbers) per peer : 163840 bytes
6788: 14:40:48.702 - No RTT ACK adjustment timeout
6788: 14:40:48.702 - Outbound ENet: MaxInboundMessageSize: 512000
6788: 14:40:48.702 - Outbound ENet: MaxOutboundMessageSize: 512000
6788: 14:40:48.721 - GetRuntime - About to load CLR - versions available:
6788: 14:40:48.721 - v2.0.50727
6788: 14:40:48.721 - v4.0.30319
6788: 14:40:48.721 - Configuration requests: "v2.0.50727"
6788: 14:40:48.721 - About to load version: "v2.0.50727"
6788: 14:40:48.726 - About to load runtime: PhotonHostRuntime.PhotonDomainManager from PhotonHostRuntime, Culture=neutral, PublicKeyToken=02C301B61B060C4D
6788: 14:40:48.726 - CLRBaseDirectory set to "E:\Unity-pj\PhotonServerDemo\Server\Photon-OnPremise-Server-SDK_v4-0-29-11263\deploy"
6788: 14:40:48.726 - Optimising event broadcast for 20 or more peers
6788: 14:40:48.728 - Start: About to load CLR - versions available:
6788: 14:40:48.728 - v2.0.50727
6788: 14:40:48.728 - v4.0.30319
6788: 14:40:48.728 - No preference in configuration file, will load latest.
6788: 14:40:48.728 - About to load version: "v4.0.30319"
6788: 14:40:48.729 - Loaded version: "v4.0.30319"
6788: 14:40:48.913 - Photon host runtime loaded
6788: 14:40:50.656 - License is valid.
6788: 14:40:50.656 - Licensed for 100 concurrent connections.
6788: 14:40:50.656 - ENet: Max Reliable Data In Transit (awaiting ACKs) per peer : 51200 bytes
6788: 14:40:50.656 - ENet: Per peer bandwidth limit
6788: 14:40:50.656 - ENet: Transmit Rate Limit: 256 KB/Sec
6788: 14:40:50.656 - ENet: Limit period: 200ms
6788: 14:40:50.656 - ENet: Limit per period: 52428 bytes
6788: 14:40:50.656 - ENet: Max queued data for transmission per peer: 512000 bytes
6788: 14:40:50.656 - ENet: Minimum retransmit timeout: 200
6788: 14:40:50.656 - No Maximum retransmit timeout
6788: 14:40:50.656 - ENet: Minimum timeout: 5000ms
6788: 14:40:50.656 - ENet: Maximum timeout: 30000ms
6788: 14:40:50.656 - ENet: Max Inbound Reliable Data Queued (awaiting resends of earlier sequence numbers) per peer : 163840 bytes
6788: 14:40:50.656 - No RTT ACK adjustment timeout
6788: 14:40:50.656 - About to load application: MyGame1 from MyGameServer
6788: 14:40:50.656 - Auto restart is enabled for application, existing connections will be terminated during restart
6788: 14:40:50.656 - Application will restart 1000ms after the last change detected
6788: 14:40:50.656 - Application will restart if files matching the following are changed: "dll;config"
6788: 14:40:50.656 - Application will NOT restart if files matching the following are changed: "log4net.config"
6788: 14:40:50.776 - Taking reference on default app domain
6788: 14:40:50.906 - Application: "MyGame1" started in app domain: 2
6788: 14:40:50.926 - Adding TCP listener on: 0.0.0.0: 4530 with a listen backlog of: 150
6788: 14:40:50.926 - TCP inactivity timeout: 10000ms
6788: 14:40:50.926 - TCP disconnect timeout: 120000ms
6788: 14:40:50.926 - MaxInboundMessageSize: 512000
6788: 14:40:50.926 - MaxOutboundMessageSize: 512000
6788: 14:40:50.926 - Forcing all applications ids to: "MyGame1"
6788: 14:40:50.926 - Serving policy file requests from: "E:\Unity-pj\PhotonServerDemo\Server\Photon-OnPremise-Server-SDK_v4-0-29-11263\deploy\Policy\assets\socket-policy.xml"
6788: 14:40:50.926 - Forcing all applications ids to: "MyGame1"
6788: 14:40:50.926 - MaxInboundMessageSize: 512000
6788: 14:40:50.926 - MaxOutboundMessageSize: 512000
6788: 14:40:50.926 - UDP address specified as: "0.0.0.0" adding listener to each available IPv4 address
6788: 14:40:50.926 - Adding UDP listener on: 192.168.1.93: 5055 with a listen backlog of: 500
6788: 14:40:50.926 - Adding UDP listener on: 127.0.0.1: 5055 with a listen backlog of: 500
6788: 14:40:51.126 - Service is running...
6788: 14:41:58.026 - Service is stopped...
6788: 14:41:58.026 - Server shutting down...
6788: 14:41:58.026 - Shutdown monitoring enabled, 30000ms before process abort
6788: 14:41:58.026 - Notifying CLR applications of shutdown...
6788: 14:41:58.026 - RequestApplicationStop: 2
6788: 14:41:58.026 - RequestStop: defalt app domain
6788: 14:41:58.026 - Shutting down WebSocket Outbound Connection Manager...
6788: 14:41:58.026 - Shutting down TCP Outbound Connection Manager...
6788: 14:41:58.026 - Shutting down ENet Outbound Connection Manager...
6788: 14:41:58.026 - Disconnecting all outbound peers...
6788: 14:41:58.026 - Shutting down ENet host...
6788: 14:41:58.026 - Disconnecting all peers...
6788: 14:41:58.026 - Shutting down socket servers...
6788: 14:41:58.026 - Shutting down ENet thread pool...
6788: 14:41:58.026 - Shutting down TCP inactivity timers...
6788: 14:41:58.026 - WaitingForShutdownToComplete: TCP:0.0.0.0:4530
6788: 14:41:58.026 - OnShutdownCompleted: TCP:0.0.0.0:4530
6788: 14:41:58.026 - WaitingForShutdownToComplete: UDP:127.0.0.1:5055
6788: 14:41:58.026 - OnShutdownCompleted: UDP:127.0.0.1:5055
6788: 14:41:58.026 - WaitingForShutdownToComplete: UDP:192.168.1.93:5055
6788: 14:41:58.026 - OnShutdownCompleted: UDP:192.168.1.93:5055
6788: 14:41:58.026 - Shutting down CLR applications...
6788: 14:41:58.037 - Shutting down business logic thread pool...
6788: 14:41:58.037 - Shutting down I/O thread pool...
6788: 14:41:58.037 - Destroying servers
6788: 14:41:58.037 - Destroying WebSocket Outbound Connection Manager
6788: 14:41:58.037 - Destroying TCP Outbound Connection Manager
6788: 14:41:58.037 - Destroying TCP inactivity timer
6788: 14:41:58.037 - Destroying ENet timer wheel
6788: 14:41:58.037 - Destroying ENet host
6788: 14:41:58.037 - Destroying ENet outbound host
6788: 14:41:58.037 - Destroying HTTP inactivity timer
6788: 14:41:58.037 - Destroying HTTP host
6788: 14:41:58.037 - Destroying HTTP Chunk host
6788: 14:41:58.037 - Flushing ENET buffer allocator...
5856: 14:41:58.037 - CManagedHost::OnDefaultAction() - OPR_AppDomainUnload - eUnloadAppDomain
6788: 14:41:58.037 - Flushing TCP buffer handle allocator...
6788: 14:41:58.037 - Flushing stream socket allocator...
6788: 14:41:58.037 - Flushing inbound datagram socket allocator...
6788: 14:41:58.037 - Flushing outbound datagram socket allocator...
6788: 14:41:58.037 - Destroying CLR dispatcher
6788: 14:41:58.037 - Destroying CLR applications
6788: 14:41:58.037 - ~CCLRApplicationCollection() - Waiting up to 10 seconds for the CLR to release all of our objects
15600: 14:41:58.037 - Unloading Domain: ApplicationName = 'MyGame1', DomainId='2'
5856: 14:41:58.037 - CManagedHost::OnDomainUnload() - 2
6788: 14:41:58.047 - ~CCLRApplicationCollection() - Done. All objects released
6788: 14:41:58.047 - ~CManagedHost() - Release default app domain
6788: 14:41:58.047 - CManagedHost::OnDomainUnload() - 1
6788: 14:41:58.047 - ~CManagedHost() - Waiting up to 10 seconds for CLR shutdown...
6788: 14:41:58.047 - ~CManagedHost
6788: 14:41:58.047 - Destroying ENet thread pool
6788: 14:41:58.047 - Destroying Business logic thread pool
6788: 14:41:58.047 - Destroying I/O thread pool
6788: 14:41:58.047 - Destroying ENet buffer allocator
6788: 14:41:58.047 - Destroying TCP buffer allocator
6788: 14:41:58.047 - Destroying TCP socket allocator
6788: 14:41:58.047 - Destroying ENet inbound socket allocator
6788: 14:41:58.047 - Destroying ENet outbound socket allocator
6788: 14:41:58.047 - Destroying shared datagram flow control data
6788: 14:41:58.047 - Shutdown complete...
6788: 14:41:58.047 - Service shutting down
6788: 14:41:58.047 - Service shut down complete
9152: 14:58:03.094 - ---
9152: 14:58:03.094 - Service: "Photon Socket Server" starting
9152: 14:58:03.094 - Config File: E:\Unity-pj\PhotonServerDemo\Server\Photon-OnPremise-Server-SDK_v4-0-29-11263\deploy\bin_Win64\PhotonServer.config
9152: 14:58:03.095 - Will produce at most: 10 crash dumps
9152: 14:58:03.095 - Action: run as exe
9152: 14:58:03.096 - Server Starting...
9152: 14:58:03.096 -    Tick count: 407580125 (wraps in: 44.9929 days)
9152: 14:58:03.096 - Tick count 64: 407580125
9152: 14:58:03.096 - Photon Version: 4.0.28.2962
9152: 14:58:03.096 - PID: 508
9152: 14:58:03.096 - Config File: E:\Unity-pj\PhotonServerDemo\Server\Photon-OnPremise-Server-SDK_v4-0-29-11263\deploy\bin_Win64\PhotonServer.config
9152: 14:58:03.096 - Will NOT log unimportant exceptions
9152: 14:58:03.097 - Not using performance counters as they are not currently installed. Run the service with /InstallCounters to install them.
9152: 14:58:03.098 - Shutdown timeout enabled: 30000ms
9152: 14:58:03.098 - Starting I/O thread pool with 2 threads
9152: 14:58:03.098 - Using Standard allocator
9152: 14:58:03.098 - Max message size: 512000
9152: 14:58:03.098 - Starting business logic thread pool with the following settings
9152: 14:58:03.098 - InitialThreads: 4 threads
9152: 14:58:03.098 - MinThreads: 4 threads
9152: 14:58:03.098 - Thread pool is fixed size
9152: 14:58:03.098 - Starting ENet thread pool with the following settings
9152: 14:58:03.098 - InitialThreads: 2 threads
9152: 14:58:03.098 - MinThreads: 2 threads
9152: 14:58:03.098 - Thread pool is fixed size
9152: 14:58:03.098 - OnlyDispatchTimers: False
9152: 14:58:03.098 - S2S: flow control: Max pending writes: 50
9152: 14:58:03.098 - S2S: flow control: Max queued buffers: 200
9152: 14:58:03.098 - S2S: flow control: Max pending writes MUX: 500
9152: 14:58:03.098 - S2S: flow control: Max queued buffers MUX: 2000
9152: 14:58:03.098 - S2S: MaxInboundMessageSize: 512000
9152: 14:58:03.098 - S2S: MaxOutboundMessageSize: 512000
9152: 14:58:03.098 - S2S: No inactivity timeout
9152: 14:58:03.101 - WebSocket S2S: MaxInboundMessageSize: 512000
9152: 14:58:03.101 - WebSocket S2S: MaxOutboundMessageSize: 512000
9152: 14:58:03.101 - WebSocket S2S: No inactivity timeout
9152: 14:58:03.101 - Max Reliable Data In Transit (awaiting ACKs) per peer : 51200 bytes
9152: 14:58:03.101 - Per peer bandwidth limit
9152: 14:58:03.101 - Transmit Rate Limit: 256 KB/Sec
9152: 14:58:03.101 - Limit period: 200ms
9152: 14:58:03.101 - Limit per period: 52428 bytes
9152: 14:58:03.102 - Max queued data for transmission per peer: 512000 bytes
9152: 14:58:03.102 - Minimum retransmit timeout: 200
9152: 14:58:03.102 - No Maximum retransmit timeout
9152: 14:58:03.102 - Minimum ENet timeout: 5000ms
9152: 14:58:03.102 - Maximum ENet timeout: 30000ms
9152: 14:58:03.102 - Max Inbound Reliable Data Queued (awaiting resends of earlier sequence numbers) per peer : 163840 bytes
9152: 14:58:03.102 - No RTT ACK adjustment timeout
9152: 14:58:03.102 - Outbound ENet: MaxInboundMessageSize: 512000
9152: 14:58:03.102 - Outbound ENet: MaxOutboundMessageSize: 512000
9152: 14:58:03.103 - GetRuntime - About to load CLR - versions available:
9152: 14:58:03.103 - v2.0.50727
9152: 14:58:03.103 - v4.0.30319
9152: 14:58:03.103 - Configuration requests: "v2.0.50727"
9152: 14:58:03.103 - About to load version: "v2.0.50727"
9152: 14:58:03.106 - About to load runtime: PhotonHostRuntime.PhotonDomainManager from PhotonHostRuntime, Culture=neutral, PublicKeyToken=02C301B61B060C4D
9152: 14:58:03.106 - CLRBaseDirectory set to "E:\Unity-pj\PhotonServerDemo\Server\Photon-OnPremise-Server-SDK_v4-0-29-11263\deploy"
9152: 14:58:03.106 - Optimising event broadcast for 20 or more peers
9152: 14:58:03.106 - Start: About to load CLR - versions available:
9152: 14:58:03.106 - v2.0.50727
9152: 14:58:03.106 - v4.0.30319
9152: 14:58:03.107 - No preference in configuration file, will load latest.
9152: 14:58:03.107 - About to load version: "v4.0.30319"
9152: 14:58:03.107 - Loaded version: "v4.0.30319"
9152: 14:58:03.213 - Photon host runtime loaded
9152: 14:58:04.870 - License is valid.
9152: 14:58:04.870 - Licensed for 100 concurrent connections.
9152: 14:58:04.870 - ENet: Max Reliable Data In Transit (awaiting ACKs) per peer : 51200 bytes
9152: 14:58:04.870 - ENet: Per peer bandwidth limit
9152: 14:58:04.870 - ENet: Transmit Rate Limit: 256 KB/Sec
9152: 14:58:04.870 - ENet: Limit period: 200ms
9152: 14:58:04.870 - ENet: Limit per period: 52428 bytes
9152: 14:58:04.870 - ENet: Max queued data for transmission per peer: 512000 bytes
9152: 14:58:04.870 - ENet: Minimum retransmit timeout: 200
9152: 14:58:04.870 - No Maximum retransmit timeout
9152: 14:58:04.870 - ENet: Minimum timeout: 5000ms
9152: 14:58:04.870 - ENet: Maximum timeout: 30000ms
9152: 14:58:04.870 - ENet: Max Inbound Reliable Data Queued (awaiting resends of earlier sequence numbers) per peer : 163840 bytes
9152: 14:58:04.870 - No RTT ACK adjustment timeout
9152: 14:58:04.870 - About to load application: MyGame1 from MyGameServer
9152: 14:58:04.870 - Auto restart is enabled for application, existing connections will be terminated during restart
9152: 14:58:04.870 - Application will restart 1000ms after the last change detected
9152: 14:58:04.870 - Application will restart if files matching the following are changed: "dll;config"
9152: 14:58:04.870 - Application will NOT restart if files matching the following are changed: "log4net.config"
9152: 14:58:04.933 - Taking reference on default app domain
9152: 14:58:04.953 - Application: "MyGame1" started in app domain: 2
9152: 14:58:04.953 - Adding TCP listener on: 0.0.0.0: 4530 with a listen backlog of: 150
9152: 14:58:04.953 - TCP inactivity timeout: 10000ms
9152: 14:58:04.953 - TCP disconnect timeout: 120000ms
9152: 14:58:04.953 - MaxInboundMessageSize: 512000
9152: 14:58:04.953 - MaxOutboundMessageSize: 512000
9152: 14:58:04.953 - Forcing all applications ids to: "MyGame1"
9152: 14:58:04.953 - Serving policy file requests from: "E:\Unity-pj\PhotonServerDemo\Server\Photon-OnPremise-Server-SDK_v4-0-29-11263\deploy\Policy\assets\socket-policy.xml"
9152: 14:58:04.953 - Forcing all applications ids to: "MyGame1"
9152: 14:58:04.953 - MaxInboundMessageSize: 512000
9152: 14:58:04.953 - MaxOutboundMessageSize: 512000
9152: 14:58:04.953 - UDP address specified as: "0.0.0.0" adding listener to each available IPv4 address
9152: 14:58:04.953 - Adding UDP listener on: 192.168.1.93: 5055 with a listen backlog of: 500
9152: 14:58:04.953 - Adding UDP listener on: 127.0.0.1: 5055 with a listen backlog of: 500
9152: 14:58:04.960 - Service is running...
9152: 15:04:29.125 - Service is stopped...
9152: 15:04:29.125 - Server shutting down...
9152: 15:04:29.125 - Shutdown monitoring enabled, 30000ms before process abort
9152: 15:04:29.125 - Notifying CLR applications of shutdown...
9152: 15:04:29.125 - RequestApplicationStop: 2
9152: 15:04:29.141 - RequestStop: defalt app domain
9152: 15:04:29.141 - Shutting down WebSocket Outbound Connection Manager...
9152: 15:04:29.141 - Shutting down TCP Outbound Connection Manager...
9152: 15:04:29.141 - Shutting down ENet Outbound Connection Manager...
9152: 15:04:29.141 - Disconnecting all outbound peers...
9152: 15:04:29.141 - Shutting down ENet host...
9152: 15:04:29.141 - Disconnecting all peers...
9152: 15:04:29.141 - Shutting down socket servers...
9152: 15:04:29.141 - Shutting down ENet thread pool...
9152: 15:04:29.141 - Shutting down TCP inactivity timers...
9152: 15:04:29.142 - WaitingForShutdownToComplete: TCP:0.0.0.0:4530
9152: 15:04:29.142 - OnShutdownCompleted: TCP:0.0.0.0:4530
9152: 15:04:29.142 - WaitingForShutdownToComplete: UDP:127.0.0.1:5055
9152: 15:04:29.142 - OnShutdownCompleted: UDP:127.0.0.1:5055
9152: 15:04:29.142 - WaitingForShutdownToComplete: UDP:192.168.1.93:5055
9152: 15:04:29.142 - OnShutdownCompleted: UDP:192.168.1.93:5055
9152: 15:04:29.142 - Shutting down CLR applications...
9152: 15:04:29.143 - Shutting down business logic thread pool...
9152: 15:04:29.143 - Shutting down I/O thread pool...
12508: 15:04:29.143 - CManagedHost::OnDefaultAction() - OPR_AppDomainUnload - eUnloadAppDomain
9152: 15:04:29.143 - Destroying servers
9152: 15:04:29.143 - Destroying WebSocket Outbound Connection Manager
9152: 15:04:29.143 - Destroying TCP Outbound Connection Manager
9152: 15:04:29.143 - Destroying TCP inactivity timer
9152: 15:04:29.143 - Destroying ENet timer wheel
9152: 15:04:29.143 - Destroying ENet host
9152: 15:04:29.143 - Destroying ENet outbound host
9152: 15:04:29.143 - Destroying HTTP inactivity timer
9152: 15:04:29.143 - Destroying HTTP host
9152: 15:04:29.143 - Destroying HTTP Chunk host
9152: 15:04:29.143 - Flushing ENET buffer allocator...
9152: 15:04:29.144 - Flushing TCP buffer handle allocator...
9152: 15:04:29.144 - Flushing stream socket allocator...
9152: 15:04:29.144 - Flushing inbound datagram socket allocator...
9152: 15:04:29.144 - Flushing outbound datagram socket allocator...
9152: 15:04:29.144 - Destroying CLR dispatcher
9152: 15:04:29.144 - Destroying CLR applications
9152: 15:04:29.145 - ~CCLRApplicationCollection() - Waiting up to 10 seconds for the CLR to release all of our objects
6404: 15:04:29.147 - Unloading Domain: ApplicationName = 'MyGame1', DomainId='2'
12508: 15:04:29.147 - CManagedHost::OnDomainUnload() - 2
9152: 15:04:29.150 - ~CCLRApplicationCollection() - Done. All objects released
9152: 15:04:29.150 - ~CManagedHost() - Release default app domain
9152: 15:04:29.150 - CManagedHost::OnDomainUnload() - 1
9152: 15:04:29.150 - ~CManagedHost() - Waiting up to 10 seconds for CLR shutdown...
9152: 15:04:29.150 - ~CManagedHost
9152: 15:04:29.150 - Destroying ENet thread pool
9152: 15:04:29.150 - Destroying Business logic thread pool
9152: 15:04:29.150 - Destroying I/O thread pool
9152: 15:04:29.150 - Destroying ENet buffer allocator
9152: 15:04:29.150 - Destroying TCP buffer allocator
9152: 15:04:29.150 - Destroying TCP socket allocator
9152: 15:04:29.150 - Destroying ENet inbound socket allocator
9152: 15:04:29.150 - Destroying ENet outbound socket allocator
9152: 15:04:29.150 - Destroying shared datagram flow control data
9152: 15:04:29.150 - Shutdown complete...
9152: 15:04:29.151 - Service shutting down
9152: 15:04:29.153 - Service shut down complete
